C51 COMPILER V9.54   BIZHANG                                                               11/17/2022 19:24:22 PAGE 1   


C51 COMPILER V9.54, COMPILATION OF MODULE BIZHANG
OBJECT MODULE PLACED IN bizhang.OBJ
COMPILER INVOKED BY: D:\Keil_v5\C51\BIN\C51.EXE bizhang.c OPTIMIZE(8,SPEED) BROWSE DEBUG OBJECTEXTEND TABS(2)

line level    source

   1          #include <reg52.h>
   2          #include "delay.h"
   3          #include "run.h"
   4          #include "chaoshengbo.h"
   5          #include "comm.h"
   6          #include "bluetooth.h"
   7          
   8          sbit ena=P2^0;
   9          sbit enb=P2^5;
  10          
  11          sbit  Sevro_moto_pwm=P1^2;  //舵机管脚
  12          extern unsigned char push_val_left ;
  13          extern unsigned int timer;
  14          extern unsigned char pwm_val_left ;
  15          extern unsigned long S;
  16          unsigned char pwm_count;
  17          unsigned char pwm;
  18          extern unsigned char speed;
  19           
  20          /*调节push_val_left的值改变电机转速,占空比*/
  21          
  22          void pwm_Servomoto(void)
  23          {
  24   1        if(pwm_val_left<=push_val_left)  //舵机
  25   1          Sevro_moto_pwm=1;
  26   1        
  27   1        else
  28   1          Sevro_moto_pwm=0;
  29   1      
  30   1        if(pwm_val_left>=200)
  31   1          pwm_val_left=0;
  32   1        
  33   1        if(pwm_count<=speed)
  34   1        {
  35   2          ena=1;
  36   2          enb=1;
  37   2        }
  38   1        else
  39   1        {
  40   2          ena=0;
  41   2          enb=0;
  42   2        }
  43   1        if(pwm_count>=100)
  44   1          pwm_count=0;
  45   1      
  46   1      }
  47          
  48          ///*TIMER1中断服务子函数产生PWM信号*/
  49          
  50          void Time2()interrupt 5 
  51          
  52          {
  53   1          TF2=0;
  54   1        
  55   1          timer++;  //定时器100US为准。在这个基础上延时
C51 COMPILER V9.54   BIZHANG                                                               11/17/2022 19:24:22 PAGE 2   

  56   1      
  57   1          pwm_val_left++;
  58   1        
  59   1          pwm_count++;
  60   1      
  61   1          pwm_Servomoto();
  62   1      
  63   1      }
  64          void InitTimer2()
  65          {
  66   1            RCAP2H=(65536-100)/256;
  67   1        
  68   1            RCAP2L=(65536-100)%256;
  69   1          
  70   1            //TH2=RCAP2H;
  71   1          
  72   1            //TL2=RCAP2L;
  73   1      
  74   1            T2CON=0;
  75   1        
  76   1            T2MOD=0;
*** ERROR C202 IN LINE 76 OF bizhang.c: 'T2MOD': undefined identifier
  77   1        
  78   1            TH0=0;
  79   1      
  80   1            TL0=0;
  81   1      
  82   1            IE=0XA0;
  83   1      
  84   1            TR2=1;
  85   1      
  86   1            ET0= 1;
  87   1      
  88   1            EA = 1;
  89   1      }
  90          
  91          
  92          void bizhang(void)
  93          {
  94   1            
  95   1                if(timer>=150) //100MS检测启动检测一次
  96   1                  
  97   1                {
  98   2                    timer=0;
  99   2      
 100   2                    StartModule(); //启动检测
 101   2      
 102   2                    Conut();//计算距离
 103   2      
 104   2                    if(S<80)//距离小于40CM
 105   2      
 106   2                   {
 107   3      
 108   3                      stoprun(); //小车停止
 109   3      
 110   3                      COMM(); //方向函数
 111   3      
 112   3                    }
 113   2      
 114   2                     else if(S>=80)//距离大于40CM往前走
 115   2      
 116   2                      run();
C51 COMPILER V9.54   BIZHANG                                                               11/17/2022 19:24:22 PAGE 3   

 117   2                }
 118   1      
 119   1            
 120   1      
 121   1      }
 122          
 123            

C51 COMPILATION COMPLETE.  0 WARNING(S),  1 ERROR(S)
