C51 COMPILER V9.54   BLUETOOTH                                                             11/17/2022 19:24:22 PAGE 1   


C51 COMPILER V9.54, COMPILATION OF MODULE BLUETOOTH
OBJECT MODULE PLACED IN bluetooth.OBJ
COMPILER INVOKED BY: D:\Keil_v5\C51\BIN\C51.EXE bluetooth.c OPTIMIZE(8,SPEED) BROWSE DEBUG OBJECTEXTEND TABS(2)

line level    source

   1          #include <reg52.h>
   2          #include "run.h"
   3          unsigned char speed=0;
   4          unsigned char bite;
   5          unsigned char type;
   6          void InitTimer1()  //蓝牙比特率
   7          { 
   8   1        TMOD|=0x20;  //设置T1为工作方式2
   9   1      
  10   1        TH1=0xFD;  //装入初值，比特率为9600bps
  11   1      
  12   1        TL1=0xFD;
  13   1      
  14   1        TR1=1;  //开启T1
  15   1      
  16   1        REN=1;  //接收允许
  17   1      
  18   1        SM0=0;  //方式1
  19   1      
  20   1        SM1=1;
  21   1      
  22   1        EA=1;  //开全局中断
  23   1      
  24   1        ES=1;  //开串口中断
  25   1      }
  26          
  27          
  28          
  29          void bluetooth (void)
  30          
  31          { 
  32   1        bite=SBUF;//SBUF为单片机接收到的数据，单片机接收到的数据都存放在SBUF里；
  33   1      
  34   1        RI=0;
  35   1        
  36   1        switch(bite)
  37   1        {
  38   2         case'a':
  39   2         backrun();
  40   2         break;
  41   2      
  42   2         case'b':
  43   2          run();
  44   2         break;
  45   2      
  46   2         case'c':
  47   2          leftrun();
  48   2         break;
  49   2      
  50   2         case'd':
  51   2          rightrun();
  52   2         break;
  53   2      
  54   2         case'e':
  55   2           type=0;
C51 COMPILER V9.54   BLUETOOTH                                                             11/17/2022 19:24:22 PAGE 2   

  56   2          stoprun();
  57   2         break;
  58   2      
  59   2         case'f':
  60   2          speed=30;
  61   2         break;
  62   2         
  63   2         case'g':
  64   2          speed=50;
  65   2         break;
  66   2         
  67   2         case'h':
  68   2           speed=70;
  69   2         break;
  70   2         
  71   2         case'i':
  72   2           speed=99;
  73   2         break;
  74   2         
  75   2         case'j':
  76   2           type=1;
  77   2         break;
  78   2         
  79   2          }
  80   1        
  81   1      }


MODULE INFORMATION:   STATIC OVERLAYABLE
   CODE SIZE        =    118    ----
   CONSTANT SIZE    =   ----    ----
   XDATA SIZE       =   ----    ----
   PDATA SIZE       =   ----    ----
   DATA SIZE        =      3    ----
   IDATA SIZE       =   ----    ----
   BIT SIZE         =   ----    ----
END OF MODULE INFORMATION.


C51 COMPILATION COMPLETE.  0 WARNING(S),  0 ERROR(S)
