C51 COMPILER V9.54   COMM                                                                  11/17/2022 19:24:22 PAGE 1   


C51 COMPILER V9.54, COMPILATION OF MODULE COMM
OBJECT MODULE PLACED IN comm.OBJ
COMPILER INVOKED BY: D:\Keil_v5\C51\BIN\C51.EXE comm.c OPTIMIZE(8,SPEED) BROWSE DEBUG OBJECTEXTEND TABS(2)

line level    source

   1          //舵机不同方向测距与判断
   2          #include <AT89x52.H>
   3          
   4          #include "chaoshengbo.h"
   5          
   6          #include "run.h"
   7          
   8          
   9          unsigned char pwm_val_left = 0;//变量定义
  10          
  11          unsigned char push_val_left =15;//舵机归中
  12          
  13          unsigned long S1=0;
  14          
  15          unsigned long S2=0;
  16          
  17          unsigned long S3=0;
  18          
  19          unsigned long S4=0;
  20          
  21          unsigned int timer;//延时基准变量
  22          
  23          extern unsigned long S;
  24          
  25          void COMM( void )
  26          
  27          {
  28   1        
  29   1          push_val_left=5;//舵机右转90度
  30   1      
  31   1          timer=0;
  32   1      
  33   1          while(timer<=4000); //延时400MS让舵机转到其位置  
  34   1      
  35   1          StartModule(); //启动超声波测距
  36   1      
  37   1          Conut();//计算距离
  38   1      
  39   1          S2=S;
  40   1      
  41   1      
  42   1      
  43   1          push_val_left=24; //舵机向左转90度
  44   1      
  45   1          timer=0;
  46   1      
  47   1          while(timer<=4000); //延时400MS让舵机转到其位置
  48   1      
  49   1          StartModule();//启动超声波测距
  50   1      
  51   1           Conut();//计算距离
  52   1      
  53   1          S4=S;
  54   1      
  55   1      
C51 COMPILER V9.54   COMM                                                                  11/17/2022 19:24:22 PAGE 2   

  56   1      
  57   1      
  58   1          push_val_left=15; //舵机归中
  59   1      
  60   1          timer=0;
  61   1      
  62   1          while(timer<=4000); //延时400MS让舵机转到其位置
  63   1      
  64   1          StartModule();//启动超声波测距
  65   1      
  66   1          Conut();//计算距离
  67   1      
  68   1          S1=S;
  69   1      
  70   1      
  71   1          if((S2<30)||(S4<30)) //只要左右各有距离小于30CM小车后退
  72   1      
  73   1          {
  74   2      
  75   2            backrun(); //后退
  76   2      
  77   2            timer=0;
  78   2      
  79   2            while(timer<=3000);
  80   2      
  81   2          }
  82   1        
  83   1          if(S2<S4)
  84   1          {
  85   2      
  86   2            rightrun(); //车的左边比车的右边距离小  右转
  87   2      
  88   2            timer=0;
  89   2      
  90   2            while(timer<=3000);
  91   2      
  92   2          }
  93   1      
  94   1          else
  95   1      
  96   1          {
  97   2      
  98   2            leftrun();//车的左边比车的右边距离大  左转
  99   2      
 100   2            timer=0;
 101   2      
 102   2            while(timer<=3000);
 103   2      
 104   2        }
 105   1      }
 106          
 107              


MODULE INFORMATION:   STATIC OVERLAYABLE
   CODE SIZE        =    232    ----
   CONSTANT SIZE    =   ----    ----
   XDATA SIZE       =   ----    ----
   PDATA SIZE       =   ----    ----
   DATA SIZE        =     20    ----
   IDATA SIZE       =   ----    ----
   BIT SIZE         =   ----    ----
C51 COMPILER V9.54   COMM                                                                  11/17/2022 19:24:22 PAGE 3   

END OF MODULE INFORMATION.


C51 COMPILATION COMPLETE.  0 WARNING(S),  0 ERROR(S)
