C51 COMPILER V9.54   MAIN                                                                  11/17/2022 19:24:21 PAGE 1   


C51 COMPILER V9.54, COMPILATION OF MODULE MAIN
OBJECT MODULE PLACED IN main.OBJ
COMPILER INVOKED BY: D:\Keil_v5\C51\BIN\C51.EXE main.c OPTIMIZE(8,SPEED) BROWSE DEBUG OBJECTEXTEND TABS(2)

line level    source

   1          #include <reg52.h>
   2          #include "delay.h"
   3          #include "run.h"
   4          #include "chaoshengbo.h"
   5          #include "comm.h"
   6          #include "bizhang.h"
   7          #include "bluetooth.h"
   8          #include "iic.h"
   9          #include "oled.h"
  10          #include "oled_main.h"
  11          extern unsigned char push_val_left ;
  12          extern unsigned char pwm;
  13          extern unsigned char type;
  14          void main()
  15          {
  16   1            stoprun();
  17   1        
  18   1            OLED_Init();
  19   1        
  20   1            Delay_1ms(5);
  21   1             
  22   1            InitTimer1();
  23   1              
  24   1            InitTimer2();
  25   1              
  26   1            delay(100);
  27   1      
  28   1            push_val_left=15; //¶æ»ú¹éÖÐ
  29   1            
  30   1             oled_main();
  31   1      
  32   1         while(1)
  33   1         {
  34   2            
  35   2           
  36   2            bluetooth();
  37   2           
  38   2           if(type==1)
  39   2           {
  40   3            bizhang();
  41   3           }
  42   2         }
  43   1      }


MODULE INFORMATION:   STATIC OVERLAYABLE
   CODE SIZE        =     45    ----
   CONSTANT SIZE    =   ----    ----
   XDATA SIZE       =   ----    ----
   PDATA SIZE       =   ----    ----
   DATA SIZE        =   ----    ----
   IDATA SIZE       =   ----    ----
   BIT SIZE         =   ----    ----
END OF MODULE INFORMATION.


C51 COMPILATION COMPLETE.  0 WARNING(S),  0 ERROR(S)
