C51 COMPILER V9.54   OLED_MAIN                                                             11/17/2022 19:24:22 PAGE 1   


C51 COMPILER V9.54, COMPILATION OF MODULE OLED_MAIN
OBJECT MODULE PLACED IN oled_main.OBJ
COMPILER INVOKED BY: D:\Keil_v5\C51\BIN\C51.EXE oled_main.c OPTIMIZE(8,SPEED) BROWSE DEBUG OBJECTEXTEND TABS(2)

line level    source

   1          #include <reg52.h>
   2          #include "iic.h"
   3          #include "oled.h"
   4          
   5          void Delay_1ms(unsigned int Del_1ms)    //T = 1ms * Del_1ms
   6          {
   7   1        unsigned char j;
   8   1        while(Del_1ms--)
   9   1        { 
  10   2          for(j=0;j<123;j++);
  11   2        }
  12   1      }
  13          
  14          /***********************Picture Code*******************************/
  15          unsigned char code BMP1[] =
  16          {
  17          /*--  调入了一幅图像：C:\Users\wang\Desktop\微信图片_20201207123416.bmp  --*/
  18          /*--  宽度x高度=128x64  --*/
  19          0x00,0x00,0x00,0x00,0x00,0x00,0x00,0x00,0x00,0x00,0x00,0x00,0x00,0x00,0x00,0x00,
  20          0x00,0x00,0x00,0x00,0x00,0x00,0x00,0x00,0x00,0x00,0x00,0x00,0x00,0x00,0x00,0x00,
  21          0x00,0x00,0x00,0x00,0x00,0x00,0x00,0x00,0x00,0x00,0x00,0x00,0x00,0x00,0x00,0x00,
  22          0x00,0x00,0x00,0x00,0x00,0x00,0x00,0x00,0x00,0x00,0x00,0x00,0x00,0x00,0x00,0x00,
  23          0x00,0x00,0x00,0x00,0x00,0x00,0x80,0x40,0x00,0x00,0x00,0x00,0x00,0x00,0x00,0x00,
  24          0x00,0x00,0x00,0x00,0x00,0x00,0x00,0x00,0x00,0x00,0x00,0x00,0x00,0x00,0x00,0x00,
  25          0x00,0x00,0x00,0x00,0x00,0x00,0x00,0x00,0x00,0x00,0x00,0x00,0x00,0x00,0x00,0x00,
  26          0x00,0x00,0x00,0x00,0x00,0x00,0x00,0x00,0x00,0x00,0x00,0x00,0x00,0x00,0x00,0x00,
  27          0x00,0x00,0x00,0x00,0x00,0x00,0x00,0x00,0x00,0x00,0x00,0x00,0x00,0x00,0x00,0x00,
  28          0x00,0x00,0x00,0x00,0x00,0x00,0x00,0x00,0x00,0x00,0x00,0x00,0x00,0x00,0x00,0x00,
  29          0x00,0x00,0x00,0x00,0x00,0x00,0x00,0x00,0x00,0x00,0x00,0x00,0xFE,0x00,0x01,0x01,
  30          0x01,0x00,0x02,0x08,0x00,0x00,0x00,0x00,0x00,0x00,0x00,0x00,0x00,0x00,0x00,0x00,
  31          0x00,0x00,0x00,0x00,0xC0,0xFF,0xFF,0xFC,0xFE,0xFE,0xFE,0xFC,0xFC,0x7F,0x00,0x00,
  32          0x00,0x00,0x00,0x00,0x00,0x00,0x00,0x00,0x00,0x00,0x00,0x00,0x00,0x00,0x00,0x00,
  33          0x00,0x00,0x00,0x00,0x00,0x00,0x00,0x00,0x00,0x00,0x00,0x00,0x00,0x00,0x00,0x00,
  34          0x00,0x00,0x00,0x00,0x00,0x00,0x00,0x00,0x00,0x00,0x00,0x00,0x00,0x00,0x00,0x00,
  35          0x00,0x00,0x00,0x00,0x00,0x00,0x00,0x00,0x00,0x00,0x00,0x00,0x00,0x00,0x00,0x00,
  36          0x00,0x00,0x00,0x00,0x00,0x00,0x00,0x00,0x00,0x00,0x00,0x00,0x00,0x00,0x00,0x00,
  37          0x00,0x00,0x00,0x00,0x00,0x00,0x00,0x00,0x00,0x00,0x00,0x00,0x01,0x03,0x0C,0x18,
  38          0x30,0x70,0x60,0xE0,0xE0,0xC0,0xC0,0xC4,0xF8,0xF8,0xF8,0xF8,0xB8,0xF8,0xF8,0x58,
  39          0xE8,0xFC,0xFC,0xFF,0xFF,0xFF,0xFF,0xFF,0x3F,0x1F,0x0F,0x07,0x03,0x00,0x00,0x00,
  40          0x00,0x00,0x00,0x00,0x00,0x00,0x00,0x00,0x00,0x00,0x00,0x00,0x00,0x00,0x00,0x00,
  41          0x00,0x00,0x00,0x00,0x00,0x00,0x00,0x00,0x00,0x00,0x00,0x00,0x00,0x00,0x00,0x00,
  42          0x00,0x00,0x00,0x00,0x00,0x00,0x00,0x00,0x00,0x00,0x00,0x00,0x00,0x00,0x00,0x00,
  43          0x00,0x00,0x00,0x00,0x00,0x00,0x00,0x00,0x00,0x00,0x00,0x00,0x00,0x00,0x00,0x00,
  44          0x00,0x00,0x00,0x00,0x00,0x00,0x00,0x00,0x00,0x00,0x00,0x00,0x00,0x00,0x00,0x00,
  45          0x00,0x00,0x00,0x00,0x00,0x00,0x00,0x00,0x00,0x00,0x00,0x00,0x00,0x00,0xE0,0xF0,
  46          0xFC,0xFE,0xFE,0xFF,0xFF,0xFF,0xFF,0x3F,0x17,0x1F,0x0F,0x0F,0x0F,0x0E,0x0F,0x0F,
  47          0x0F,0x0F,0x0F,0x1F,0x01,0x01,0x01,0x03,0x03,0x07,0x06,0x0C,0x18,0x70,0xC0,0x00,
  48          0x00,0x00,0x00,0x00,0x00,0x00,0x00,0x00,0x00,0x00,0x00,0x00,0x00,0x00,0x00,0x00,
  49          0x00,0x00,0x00,0x00,0x00,0x00,0x00,0x00,0x00,0x00,0x00,0x00,0x00,0x00,0x00,0x00,
  50          0x00,0x00,0x00,0x00,0x00,0x00,0x00,0x00,0x00,0x00,0x00,0x00,0x00,0x00,0x00,0x00,
  51          0x00,0x00,0x00,0x00,0x00,0x00,0x00,0x00,0x00,0x00,0x00,0x00,0x00,0x00,0x00,0x00,
  52          0x00,0x00,0x00,0x00,0x00,0x00,0x00,0x00,0x00,0x00,0x00,0x00,0x00,0x00,0x00,0x00,
  53          0x00,0x00,0x00,0x00,0x00,0x00,0x00,0x00,0x00,0x00,0x00,0x00,0x00,0x7F,0xBF,0x1F,
  54          0xFF,0xFF,0x3F,0x1F,0xDF,0x7F,0x01,0x00,0x00,0x00,0x00,0x00,0x00,0x00,0x00,0x00,
  55          0x00,0x00,0x00,0x00,0x00,0x00,0x00,0x0E,0x20,0x00,0x00,0x40,0x40,0x20,0x3F,0x00,
C51 COMPILER V9.54   OLED_MAIN                                                             11/17/2022 19:24:22 PAGE 2   

  56          0x00,0x00,0x00,0x00,0x00,0x00,0x00,0x00,0x00,0x00,0x00,0x00,0x00,0x00,0x00,0x00,
  57          0x00,0x00,0x00,0x00,0x00,0x00,0x00,0x00,0x00,0x00,0x00,0x00,0x00,0x00,0x00,0x00,
  58          0x00,0x00,0x00,0x00,0x00,0x00,0x00,0x00,0x00,0x00,0x00,0x00,0x00,0x00,0x00,0x00,
  59          0x00,0x00,0x00,0x00,0x00,0x00,0x00,0x00,0x00,0x00,0x00,0x00,0x00,0x00,0x00,0x00,
  60          0x00,0x00,0x00,0x00,0x00,0x00,0x00,0x00,0x00,0x00,0x00,0x00,0x00,0x00,0x00,0x00,
  61          0x00,0x00,0x00,0x00,0x00,0x00,0x00,0x00,0x00,0x00,0x00,0x00,0x00,0x00,0x00,0x00,
  62          0x01,0x01,0x01,0x01,0x00,0x00,0x00,0x00,0x00,0x00,0x00,0x00,0x00,0x00,0x00,0x00,
  63          0x00,0x00,0x00,0x00,0x00,0x00,0x00,0x00,0x00,0x00,0x00,0x00,0x00,0x00,0x00,0x00,
  64          0x00,0x00,0x00,0x00,0x00,0x00,0x00,0x00,0x00,0x00,0x00,0x00,0x00,0x00,0x00,0x00,
  65          0x00,0x00,0x00,0x00,0x00,0x00,0x00,0x00,0x00,0x00,0x00,0x00,0x00,0x00,0x00,0x00,
  66          0x00,0x00,0x00,0x00,0x00,0x00,0x00,0x00,0x00,0x00,0x00,0x00,0x00,0x00,0x00,0x00,
  67          0x00,0x00,0x00,0x00,0x00,0x00,0x00,0x00,0x00,0x00,0x00,0x00,0x00,0x00,0x00,0x00,
  68          0x3E,0x1E,0x00,0x20,0x20,0x20,0x20,0x1E,0x1E,0x00,0x00,0x00,0x00,0x00,0x10,0x08,
  69          0x0E,0x18,0x00,0x00,0x00,0x00,0x00,0x1E,0x0E,0x00,0x00,0x00,0x10,0x08,0x0C,0x04,
  70          0x06,0x06,0x06,0x06,0x04,0x00,0x00,0x00,0x06,0x0E,0x00,0x00,0x00,0x00,0x00,0x06,
  71          0x0E,0x00,0x00,0x00,0x02,0x06,0x00,0x00,0x00,0x00,0x00,0x02,0x06,0x00,0x00,0x00,
  72          0x00,0x00,0x00,0x02,0x00,0x00,0x00,0x00,0x00,0x00,0x02,0x00,0x00,0x00,0x00,0x00,
  73          0x00,0x00,0x02,0x00,0x00,0x00,0x00,0x00,0x80,0x00,0x00,0x00,0x40,0x00,0x80,0xC0,
  74          0x00,0x00,0x00,0x00,0x00,0x00,0x00,0x00,0x00,0x00,0x00,0x00,0x00,0x00,0x00,0x00,
  75          0x00,0x00,0x00,0x00,0x00,0x00,0x00,0x00,0x00,0x00,0x00,0x00,0x00,0x00,0x00,0x00,
  76          0x00,0x00,0x00,0x00,0x00,0x00,0x00,0x00,0x00,0x00,0x00,0x00,0x00,0x00,0x00,0x00,
  77          0x00,0x00,0x00,0x00,0x00,0x00,0x00,0x00,0x00,0x00,0x00,0x00,0x00,0x00,0x00,0x00,
  78          0x00,0x00,0x00,0x00,0x02,0x00,0x00,0x00,0x00,0x02,0x00,0x00,0x00,0x00,0x00,0x00,
  79          0x02,0x00,0x00,0x00,0x00,0x02,0x00,0x02,0x02,0x02,0x02,0x00,0x00,0x00,0x00,0x03,
  80          0x02,0x00,0x00,0x00,0x00,0x00,0x02,0x02,0x00,0x00,0x03,0x02,0x00,0x00,0x00,0x00,
  81          0x00,0x01,0x03,0x00,0x00,0x00,0x00,0x01,0x02,0x03,0x02,0x02,0x02,0x00,0x03,0x03,
  82          0x00,0x00,0x00,0x00,0x00,0x00,0x00,0x00,0x00,0x00,0x00,0x00,0x00,0x00,0x00,0x00
  83          };
  84          
  85          unsigned char code BMP2[] =
  86          {
  87          /*--  调入了一幅图像：C:\Users\wang\Desktop\微信图片_20201207123200.bmp  --*/
  88          /*--  宽度x高度=128x64  --*/
  89          0x00,0x00,0x00,0x00,0x00,0x00,0x00,0x00,0x00,0x00,0x00,0x00,0x00,0x00,0x00,0x00,
  90          0x00,0x00,0x00,0x00,0x00,0x00,0x00,0x00,0x00,0x00,0x00,0x00,0x00,0x00,0x00,0x00,
  91          0x00,0x00,0x00,0x00,0x00,0x00,0x00,0x00,0x00,0x00,0x00,0x00,0x00,0x00,0x00,0x00,
  92          0x00,0x00,0x00,0x00,0x00,0x00,0x00,0x00,0x00,0x00,0x00,0x00,0x00,0x00,0x00,0x00,
  93          0x00,0x00,0x00,0x00,0x00,0x00,0x00,0x00,0x00,0x00,0x00,0x00,0x00,0x00,0x00,0x00,
  94          0x00,0x00,0x00,0x00,0x00,0x00,0x00,0x00,0x00,0x00,0x00,0x00,0x00,0x00,0x00,0x00,
  95          0x00,0x00,0x00,0x00,0x00,0x00,0x00,0x00,0x00,0x00,0x00,0x00,0x00,0x00,0x00,0x00,
  96          0x00,0x00,0x00,0x00,0x00,0x00,0x00,0x00,0x00,0x00,0x00,0x00,0x00,0x00,0x00,0x00,
  97          0x00,0x00,0x00,0x00,0x00,0x00,0x00,0x00,0x00,0x00,0x00,0x00,0x00,0x00,0x00,0x00,
  98          0x00,0x00,0x00,0x00,0x00,0x00,0x00,0x00,0x00,0x00,0x00,0x00,0x00,0x00,0x00,0x00,
  99          0x00,0x00,0x00,0x00,0x00,0x00,0x00,0x00,0x00,0x00,0x00,0x00,0x00,0x00,0x00,0x00,
 100          0x00,0x00,0x00,0x00,0x00,0x00,0x00,0x00,0x00,0x00,0x00,0x00,0x00,0x00,0x00,0x00,
 101          0x00,0x00,0x00,0x00,0x00,0x00,0x00,0x00,0x00,0x00,0x00,0x00,0x00,0x00,0x00,0x00,
 102          0x00,0x00,0x00,0x00,0x00,0x00,0x00,0x00,0x00,0x00,0x00,0x00,0x00,0x00,0x00,0x00,
 103          0x00,0x00,0x00,0x00,0x00,0x00,0x00,0x00,0x00,0x00,0x00,0x00,0x00,0x00,0x00,0x00,
 104          0x00,0x00,0x00,0x00,0x00,0x00,0x00,0x00,0x00,0x00,0x00,0x00,0x00,0x00,0x00,0x00,
 105          0x00,0x00,0x00,0x00,0x00,0x04,0x0E,0x1E,0x3E,0x7C,0x78,0x70,0x30,0x00,0x80,0xC0,
 106          0xE0,0xF8,0xFC,0x3F,0x3F,0x3F,0x3B,0x38,0x38,0x38,0x38,0x38,0x38,0x38,0x38,0x38,
 107          0x38,0x38,0x38,0x38,0x38,0x38,0x38,0x38,0x00,0x00,0x00,0x00,0x00,0x00,0x00,0x00,
 108          0x00,0x00,0x80,0xC0,0xE0,0xF0,0xFC,0x7E,0x1F,0x1F,0x3F,0x7C,0xF8,0xF0,0xE0,0xC0,
 109          0x80,0x00,0x00,0x00,0x00,0xF0,0xF0,0xF0,0x20,0x00,0x00,0x00,0x00,0xFF,0xFF,0xFF,
 110          0xFF,0x00,0x00,0x00,0x00,0x00,0x00,0x00,0x00,0x00,0x00,0x00,0xFC,0xFE,0xFE,0xFE,
 111          0x0E,0x0E,0x0E,0x0E,0x0E,0x0E,0x0E,0x0E,0x0E,0x0E,0x0E,0x0E,0x0E,0x0E,0x0E,0x0E,
 112          0x0E,0x0E,0x0E,0x3E,0xFE,0xFE,0xFE,0x00,0x00,0x00,0x00,0x00,0x00,0x00,0x00,0x00,
 113          0x00,0x00,0x00,0x00,0x18,0x1C,0x3C,0x78,0xF0,0xF0,0xE0,0x40,0x02,0x07,0x0F,0x07,
 114          0xE3,0xFF,0xFE,0xFE,0x0E,0x06,0x06,0x06,0x36,0x7E,0xF6,0xE6,0xC6,0xC6,0x06,0x06,
 115          0x06,0x06,0xFE,0xFE,0xFE,0xFE,0x00,0x00,0x00,0x00,0x00,0x00,0x00,0x00,0x38,0x3C,
 116          0x3E,0xFF,0xFF,0xF7,0xF3,0x71,0x70,0x70,0x70,0x70,0x70,0x70,0x70,0xF1,0xF3,0xF7,
 117          0x0F,0x0F,0x0E,0x00,0x00,0xFF,0xFF,0xFF,0x00,0x00,0x00,0x00,0x00,0xFF,0xFF,0xFF,
C51 COMPILER V9.54   OLED_MAIN                                                             11/17/2022 19:24:22 PAGE 3   

 118          0xFF,0x00,0x00,0x00,0x00,0x00,0x00,0x80,0x80,0x80,0x80,0x80,0x8F,0x8F,0x8F,0x8F,
 119          0x8E,0x8E,0x8E,0x8E,0x8E,0x8E,0x8E,0x8E,0x8E,0x8E,0x8E,0x8E,0x8E,0x8E,0x8E,0x8E,
 120          0x8E,0x8E,0x8E,0x8F,0x8F,0x8F,0x8F,0x80,0x80,0x80,0x80,0x80,0x00,0x00,0x00,0x00,
 121          0x00,0x00,0x00,0x00,0x00,0x00,0x00,0xC0,0xF0,0xF0,0xE0,0x00,0x0E,0x0E,0x0E,0xFE,
 122          0xFF,0xFF,0xFF,0x0E,0x0E,0x0E,0x0E,0x4E,0xEE,0xEE,0xCE,0xCF,0x8F,0x0E,0x0E,0x0E,
 123          0x0E,0x0E,0xFF,0xFF,0xFF,0x1F,0x0E,0x0E,0x0E,0x00,0x00,0x00,0x00,0x00,0x00,0x00,
 124          0x00,0xFF,0xFF,0xFF,0x00,0x00,0x00,0xE0,0xE0,0xE0,0xE0,0xE0,0xE0,0xFF,0xFF,0x3F,
 125          0x00,0x00,0x00,0x00,0x00,0xFF,0xFF,0xFF,0x80,0x00,0x00,0x00,0x00,0xFF,0xFF,0xFF,
 126          0xFF,0x00,0x00,0x00,0x00,0x00,0x00,0x03,0x03,0x03,0x03,0x03,0x03,0xE3,0xFF,0xFF,
 127          0xFF,0xEF,0xE3,0xE3,0xE3,0xE3,0xE3,0xE3,0xE3,0xE3,0xE3,0xE3,0xE3,0xE3,0xE3,0xE3,
 128          0xE3,0xE3,0xE3,0xE3,0xE3,0xE3,0xE3,0x43,0x03,0x03,0x03,0x03,0x01,0x00,0x00,0x00,
 129          0x00,0x00,0x00,0x00,0x00,0xE0,0xFC,0xFF,0xFF,0x1F,0x01,0x00,0x00,0x00,0x00,0x1F,
 130          0x1F,0x1F,0x1C,0x1C,0x1C,0x1C,0x1C,0x1C,0x1C,0x9C,0x9D,0x9F,0x9D,0x9C,0x9C,0x9C,
 131          0x9C,0xFC,0xFF,0xFF,0x7F,0x1C,0x1C,0x1C,0x00,0x00,0x00,0x00,0x00,0x00,0x00,0x00,
 132          0x00,0x7F,0xFF,0xFF,0xF0,0xC0,0xC0,0xC0,0xC1,0xC0,0xC0,0xC0,0xC0,0xC0,0xE0,0xF8,
 133          0xFF,0x7F,0x1E,0x00,0x00,0x01,0xC1,0xC1,0xC0,0xC0,0xC0,0xC0,0xC0,0xFF,0xFF,0xFF,
 134          0x7F,0x00,0x00,0x00,0x00,0x00,0x00,0x00,0x00,0x00,0x00,0x00,0x00,0x00,0x00,0x00,
 135          0x00,0x00,0x00,0x00,0x00,0xC0,0xC0,0xC0,0xC0,0xC0,0xC0,0xC0,0xC0,0xC0,0xC0,0xC0,
 136          0xC0,0xC0,0xE0,0xFF,0xFF,0x7F,0x3F,0x00,0x00,0x00,0x00,0x00,0x00,0x00,0x00,0x00,
 137          0x00,0x00,0x00,0x00,0x00,0x03,0x03,0x03,0x00,0x00,0x00,0x00,0x00,0x00,0x00,0x00,
 138          0x00,0x00,0x00,0x00,0x00,0x00,0x00,0x00,0x00,0x03,0x03,0x03,0x03,0x03,0x03,0x03,
 139          0x03,0x03,0x01,0x01,0x00,0x00,0x00,0x00,0x00,0x00,0x00,0x00,0x00,0x00,0x00,0x00,
 140          0x00,0x00,0x00,0x01,0x01,0x01,0x01,0x01,0x01,0x01,0x01,0x01,0x01,0x01,0x01,0x01,
 141          0x00,0x00,0x00,0x00,0x00,0x00,0x01,0x03,0x03,0x03,0x03,0x03,0x01,0x01,0x01,0x00,
 142          0x00,0x00,0x00,0x00,0x00,0x00,0x00,0x00,0x00,0x00,0x00,0x00,0x00,0x00,0x00,0x00,
 143          0x00,0x00,0x00,0x00,0x00,0x00,0x01,0x03,0x03,0x03,0x03,0x01,0x01,0x01,0x01,0x01,
 144          0x01,0x01,0x01,0x01,0x00,0x00,0x00,0x00,0x00,0x00,0x00,0x00,0x00,0x00,0x00,0x00,
 145          0x00,0x00,0x00,0x00,0x00,0x00,0x00,0x00,0x00,0x00,0x00,0x00,0x00,0x00,0x00,0x00,
 146          0x00,0x00,0x00,0x00,0x00,0x00,0x00,0x00,0x00,0x00,0x00,0x00,0x00,0x00,0x00,0x00,
 147          0x00,0x00,0x00,0x00,0x00,0x00,0x00,0x00,0x00,0x00,0x00,0x00,0x00,0x00,0x00,0x00,
 148          0x00,0x00,0x00,0x00,0x00,0x00,0x00,0x00,0x00,0x00,0x00,0x00,0x00,0x00,0x00,0x00,
 149          0x00,0x00,0x00,0x00,0x00,0x00,0x00,0x00,0x00,0x00,0x00,0x00,0x00,0x00,0x00,0x00,
 150          0x00,0x00,0x00,0x00,0x00,0x00,0x00,0x00,0x00,0x00,0x00,0x00,0x00,0x00,0x00,0x00,
 151          0x00,0x00,0x00,0x00,0x00,0x00,0x00,0x00,0x00,0x00,0x00,0x00,0x00,0x00,0x00,0x00,
 152          0x00,0x00,0x00,0x00,0x00,0x00,0x00,0x00,0x00,0x00,0x00,0x00,0x00,0x00,0x00,0x00
 153          };
 154          
 155          void oled_main(void)
 156          {
 157   1        
 158   1        
 159   1          OLED_DrawBMP(0,0,128,8,(unsigned char *)BMP1);  //GDOU
 160   1          Delay_1ms(150);
 161   1          OLED_DrawBMP(0,0,128,8,(unsigned char *)BMP2);  //图标
 162   1          Delay_1ms(150);
 163   1      
 164   1      }
 165          


MODULE INFORMATION:   STATIC OVERLAYABLE
   CODE SIZE        =     76    ----
   CONSTANT SIZE    =   2048    ----
   XDATA SIZE       =   ----    ----
   PDATA SIZE       =   ----    ----
   DATA SIZE        =   ----    ----
   IDATA SIZE       =   ----    ----
   BIT SIZE         =   ----    ----
END OF MODULE INFORMATION.


C51 COMPILATION COMPLETE.  0 WARNING(S),  0 ERROR(S)
