C51 COMPILER V9.54   RUN                                                                   11/17/2022 19:24:21 PAGE 1   


C51 COMPILER V9.54, COMPILATION OF MODULE RUN
OBJECT MODULE PLACED IN run.OBJ
COMPILER INVOKED BY: D:\Keil_v5\C51\BIN\C51.EXE run.c OPTIMIZE(8,SPEED) BROWSE DEBUG OBJECTEXTEND TABS(2)

line level    source

   1          //小车的运动
   2          #include <reg52.h>
   3          #include "bizhang.h"
   4          sbit in4=P2^1;
   5          sbit in3=P2^2;
   6          sbit in2=P2^3;
   7          sbit in1=P2^4;
   8          
   9          //前进
  10          
  11           void run(void)
  12          {
  13   1         in4=1;in3=0;   //右前
  14   1        
  15   1         in1=0;in2=1;   //左前
  16   1      }
  17          
  18          
  19          //后退
  20          
  21          void backrun(void)
  22          {
  23   1          in4=0;in3=1;  //右后
  24   1      
  25   1          in1=1;in2=0;   //左后
  26   1      }
  27          
  28          //左转
  29          
  30           void leftrun(void)
  31          {
  32   1           in4=1;in3=0;   //右前
  33   1      
  34   1           in1=1;in2=0;   //左后
  35   1      }
  36          
  37          
  38          //右转
  39          
  40           void rightrun(void)
  41          {
  42   1          in4=0;in3=1;   //右后
  43   1      
  44   1          in1=0;in2=1;   //左前
  45   1      }
  46          
  47          //停
  48          
  49          void stoprun(void)
  50          {
  51   1          in4=1;in3=1;   //左停
  52   1            
  53   1          in1=1;in2=1;   //右停
  54   1      }
  55          
C51 COMPILER V9.54   RUN                                                                   11/17/2022 19:24:21 PAGE 2   

  56          


MODULE INFORMATION:   STATIC OVERLAYABLE
   CODE SIZE        =     45    ----
   CONSTANT SIZE    =   ----    ----
   XDATA SIZE       =   ----    ----
   PDATA SIZE       =   ----    ----
   DATA SIZE        =   ----    ----
   IDATA SIZE       =   ----    ----
   BIT SIZE         =   ----    ----
END OF MODULE INFORMATION.


C51 COMPILATION COMPLETE.  0 WARNING(S),  0 ERROR(S)
